2020-11-02 14:56:30,276 INFO notifyConnectTimeout:200

2020-11-02 14:56:30,289 INFO notifySocketTimeout:8000

2020-11-02 14:56:30,289 INFO isHealthCheck:true

2020-11-02 14:56:30,289 INFO maxHealthCheckFailCount:12

2020-11-02 14:56:30,290 INFO maxContent:10485760

2020-11-02 14:56:50,772 INFO use local db service for init

2020-11-02 14:56:55,118 WARN Lexical error at line 4, column 66.  Encountered: <EOF> after : "".

2020-11-02 14:56:55,223 WARN Syntax error: Encountered "*" at line 1, column 1.

2020-11-02 14:56:55,337 WARN Table/View 'CONFIG_INFO' already exists in Schema 'NACOS'.

2020-11-02 14:56:55,563 WARN Table/View 'HIS_CONFIG_INFO' already exists in Schema 'NACOS'.

2020-11-02 14:56:55,624 WARN Table/View 'CONFIG_INFO_BETA' already exists in Schema 'NACOS'.

2020-11-02 14:56:55,656 WARN Table/View 'CONFIG_INFO_TAG' already exists in Schema 'NACOS'.

2020-11-02 14:56:55,687 WARN Table/View 'CONFIG_INFO_AGGR' already exists in Schema 'NACOS'.

2020-11-02 14:56:55,722 WARN Table/View 'APP_LIST' already exists in Schema 'NACOS'.

2020-11-02 14:56:55,750 WARN Table/View 'APP_CONFIGDATA_RELATION_SUBS' already exists in Schema 'NACOS'.

2020-11-02 14:56:55,779 WARN Table/View 'APP_CONFIGDATA_RELATION_PUBS' already exists in Schema 'NACOS'.

2020-11-02 14:56:55,810 WARN Table/View 'CONFIG_TAGS_RELATION' already exists in Schema 'NACOS'.

2020-11-02 14:56:55,857 WARN Table/View 'GROUP_CAPACITY' already exists in Schema 'NACOS'.

2020-11-02 14:56:55,886 WARN Table/View 'TENANT_CAPACITY' already exists in Schema 'NACOS'.

2020-11-02 14:56:55,917 WARN Table/View 'TENANT_INFO' already exists in Schema 'NACOS'.

2020-11-02 14:56:55,953 WARN Table/View 'USERS' already exists in Schema 'NACOS'.

2020-11-02 14:56:55,977 WARN Table/View 'ROLES' already exists in Schema 'NACOS'.

2020-11-02 14:56:56,049 WARN Table/View 'PERMISSIONS' already exists in Schema 'NACOS'.

2020-11-02 14:56:56,320 WARN The statement was aborted because it would have caused a duplicate key value in a unique or primary key constraint or unique index identified by 'SQL201021145055530' defined on 'USERS'.

2020-11-02 14:56:56,336 WARN The statement was aborted because it would have caused a duplicate key value in a unique or primary key constraint or unique index identified by 'UK_USERNAME_ROLE' defined on 'ROLES'.

2020-11-02 14:56:56,338 INFO use StandaloneDatabaseOperateImpl

2020-11-02 14:57:01,300 WARN DumpService start

2020-11-02 14:57:01,309 INFO start clear all config-info.

2020-11-02 14:57:01,327 WARN clear all config-info failed.

2020-11-02 14:57:01,328 WARN clear all config-info-tenant failed.

2020-11-02 14:57:01,549 INFO [all-dump] 293218219938279424 / 293218219938279424

2020-11-02 14:57:01,549 INFO start clear all config-info-beta.

2020-11-02 14:57:01,550 WARN clear all config-info-beta failed.

2020-11-02 14:57:01,551 WARN clear all config-info-beta-tenant failed.

2020-11-02 14:57:01,711 INFO start clear all config-info-tag.

2020-11-02 14:57:01,712 WARN clear all config-info-tag failed.

2020-11-02 14:57:01,712 WARN clear all config-info-tag-tenant failed.

