2020-11-02 14:56:30,310 INFO Starting Nacos v1.3.1 on CNPC070XSM with PID 17932 (C:\Users\tnie\Desktop\nacos-server-1.3.1\nacos\target\nacos-server.jar started by tnie in C:\Users\tnie\Desktop\nacos-server-1.3.1\nacos\bin)

2020-11-02 14:56:30,316 INFO The following profiles are active: standalone

2020-11-02 14:56:47,850 INFO Bean 'org.springframework.security.config.annotation.configuration.ObjectPostProcessorConfiguration' of type [org.springframework.security.config.annotation.configuration.ObjectPostProcessorConfiguration$$EnhancerBySpringCGLIB$$698ec48c] is not eligible for getting processed by all BeanPostProcessors (for example: not eligible for auto-proxying)

2020-11-02 14:56:48,053 INFO Bean 'objectPostProcessor' of type [org.springframework.security.config.annotation.configuration.AutowireBeanFactoryObjectPostProcessor] is not eligible for getting processed by all BeanPostProcessors (for example: not eligible for auto-proxying)

2020-11-02 14:56:48,080 INFO Bean 'org.springframework.security.access.expression.method.DefaultMethodSecurityExpressionHandler@1bae316d' of type [org.springframework.security.access.expression.method.DefaultMethodSecurityExpressionHandler] is not eligible for getting processed by all BeanPostProcessors (for example: not eligible for auto-proxying)

2020-11-02 14:56:48,086 INFO Bean 'org.springframework.security.config.annotation.method.configuration.GlobalMethodSecurityConfiguration' of type [org.springframework.security.config.annotation.method.configuration.GlobalMethodSecurityConfiguration$$EnhancerBySpringCGLIB$$8e63673e] is not eligible for getting processed by all BeanPostProcessors (for example: not eligible for auto-proxying)

2020-11-02 14:56:48,098 INFO Bean 'methodSecurityMetadataSource' of type [org.springframework.security.access.method.DelegatingMethodSecurityMetadataSource] is not eligible for getting processed by all BeanPostProcessors (for example: not eligible for auto-proxying)

2020-11-02 14:56:49,509 INFO Tomcat initialized with port(s): 8848 (http)

2020-11-02 14:56:49,575 INFO Starting service [Tomcat]

2020-11-02 14:56:49,576 INFO Starting Servlet Engine: Apache Tomcat/9.0.13

2020-11-02 14:56:49,604 INFO The APR based Apache Tomcat Native library which allows optimal performance in production environments was not found on the java.library.path: [C:\Program Files\Java\jdk1.8.0_261\bin;C:\Windows\Sun\Java\bin;C:\Windows\system32;C:\Windows;C:\Program Files (x86)\Common Files\Oracle\Java\javapath;C:\Windows\system32;C:\Windows;C:\Windows\System32\Wbem;C:\Windows\System32\WindowsPowerShell\v1.0\;C:\Windows\System32\OpenSSH\;C:\Program Files (x86)\Skype\Phone\;C:\Program Files\Git\cmd;C:\work\apache-maven-3.6.0\bin;C:\Users\tnie\AppData\Local\Microsoft\WindowsApps;;C:\Program Files\JetBrains\IntelliJ IDEA 2018.3.2\bin;;C:\work\vscode\Microsoft VS Code\bin;.]

2020-11-02 14:56:49,990 INFO Initializing Spring embedded WebApplicationContext

2020-11-02 14:56:49,990 INFO Root WebApplicationContext: initialization completed in 19420 ms

2020-11-02 14:56:52,691 WARN HikariPool-1 - idleTimeout has been set but has no effect because the pool is operating as a fixed size pool.

2020-11-02 14:56:52,692 INFO HikariPool-1 - Starting...

2020-11-02 14:56:52,704 WARN Registered driver with driverClassName=org.apache.derby.jdbc.EmbeddedDriver was not found, trying direct instantiation.

2020-11-02 14:56:54,266 INFO HikariPool-1 - Driver does not support get/set network timeout for connections. (Feature not implemented: No details.)

2020-11-02 14:56:54,288 INFO HikariPool-1 - Start completed.

2020-11-02 14:56:59,137 INFO Nacos-related cluster resource initialization

2020-11-02 14:56:59,166 INFO The cluster resource is initialized

2020-11-02 14:57:00,494 INFO Reflections took 206 ms to scan 1 urls, producing 6 keys and 24 values 

2020-11-02 14:57:00,611 INFO Reflections took 17 ms to scan 1 urls, producing 2 keys and 12 values 

2020-11-02 14:57:00,633 INFO Reflections took 14 ms to scan 1 urls, producing 3 keys and 15 values 

2020-11-02 14:57:03,615 INFO Initializing ExecutorService 'applicationTaskExecutor'

2020-11-02 14:57:04,103 INFO Adding welcome page: class path resource [static/index.html]

2020-11-02 14:57:05,853 INFO Creating filter chain: Ant [pattern='/**'], []

2020-11-02 14:57:06,009 INFO Creating filter chain: any request, [org.springframework.security.web.context.request.async.WebAsyncManagerIntegrationFilter@56db847e, org.springframework.security.web.context.SecurityContextPersistenceFilter@5c1bd44c, org.springframework.security.web.header.HeaderWriterFilter@1eef9aef, org.springframework.security.web.csrf.CsrfFilter@2e5c7f0b, org.springframework.security.web.authentication.logout.LogoutFilter@6e57e95e, org.springframework.security.web.savedrequest.RequestCacheAwareFilter@18cc679e, org.springframework.security.web.servletapi.SecurityContextHolderAwareRequestFilter@67ef029, org.springframework.security.web.authentication.AnonymousAuthenticationFilter@740abb5, org.springframework.security.web.session.SessionManagementFilter@5db99216, org.springframework.security.web.access.ExceptionTranslationFilter@4de025bf]

2020-11-02 14:57:06,490 INFO Exposing 2 endpoint(s) beneath base path '/actuator'

2020-11-02 14:57:06,540 INFO Initializing ExecutorService 'taskScheduler'

2020-11-02 14:57:06,923 INFO Tomcat started on port(s): 8848 (http) with context path '/nacos'

2020-11-02 14:57:06,939 INFO Started Nacos in 41.622 seconds (JVM running for 44.35)

2020-11-02 14:57:06,939 INFO Nacos Log files: C:\Users\tnie\Desktop\nacos-server-1.3.1\nacos\logs

2020-11-02 14:57:06,948 INFO Nacos Log files: C:\Users\tnie\Desktop\nacos-server-1.3.1\nacos\conf

2020-11-02 14:57:06,950 INFO Nacos Log files: C:\Users\tnie\Desktop\nacos-server-1.3.1\nacos\data

2020-11-02 14:57:06,952 INFO Nacos started successfully in stand alone mode. use embedded storage

2020-11-02 14:57:57,636 INFO Initializing Spring DispatcherServlet 'dispatcherServlet'

2020-11-02 14:57:57,638 INFO Initializing Servlet 'dispatcherServlet'

2020-11-02 14:57:57,665 INFO Completed initialization in 26 ms

2020-11-02 15:07:01,126 INFO [capacityManagement] start correct usage

2020-11-02 15:07:01,162 INFO [capacityManagement] end correct usage, cost: 0s

2020-11-02 15:07:01,739 WARN clearConfigHistory start

2020-11-02 15:17:01,163 INFO [capacityManagement] start correct usage

2020-11-02 15:17:01,164 INFO [capacityManagement] end correct usage, cost: 0s

2020-11-02 15:17:01,746 WARN clearConfigHistory start

2020-11-02 15:27:01,165 INFO [capacityManagement] start correct usage

2020-11-02 15:27:01,166 INFO [capacityManagement] end correct usage, cost: 0s

2020-11-02 15:27:01,748 WARN clearConfigHistory start

2020-11-02 15:37:01,167 INFO [capacityManagement] start correct usage

2020-11-02 15:37:01,169 INFO [capacityManagement] end correct usage, cost: 0s

2020-11-02 15:37:01,753 WARN clearConfigHistory start

2020-11-02 15:47:01,170 INFO [capacityManagement] start correct usage

2020-11-02 15:47:01,172 INFO [capacityManagement] end correct usage, cost: 0s

2020-11-02 15:47:01,756 WARN clearConfigHistory start

2020-11-02 15:57:01,175 INFO [capacityManagement] start correct usage

2020-11-02 15:57:01,179 INFO [capacityManagement] end correct usage, cost: 0s

2020-11-02 15:57:01,761 WARN clearConfigHistory start

2020-11-02 16:07:01,180 INFO [capacityManagement] start correct usage

2020-11-02 16:07:01,184 INFO [capacityManagement] end correct usage, cost: 0s

2020-11-02 16:07:01,767 WARN clearConfigHistory start

2020-11-02 16:17:01,186 INFO [capacityManagement] start correct usage

2020-11-02 16:17:01,190 INFO [capacityManagement] end correct usage, cost: 0s

2020-11-02 16:17:01,772 WARN clearConfigHistory start

